app/build/intermediates/manifest_merge_blame_file/debug/manifest-merger-blame-debug-report.txt
1<?xml version="1.0" encoding="utf-8"?>
2<manifest xmlns:android="http://schemas.android.com/apk/res/android"
3    package="com.akapps.todoapp"
4    android:versionCode="1"
5    android:versionName="1.0.0" >
6
7    <uses-sdk
8        android:minSdkVersion="19"
8-->src\main\AndroidManifest.xml
9        android:targetSdkVersion="31" />
9-->src\main\AndroidManifest.xml
10
11    <application
11-->src\main\AndroidManifest.xml:5:5-30:19
12        android:name="com.akapps.todoapp.MyApplication"
12-->src\main\AndroidManifest.xml:6:9-38
13        android:allowBackup="true"
13-->src\main\AndroidManifest.xml:7:9-35
14        android:appComponentFactory="androidx.core.app.CoreComponentFactory"
14-->[androidx.core:core:1.5.0] AndroidManifest.xml:24:18-86
15        android:debuggable="true"
16        android:icon="@mipmap/ic_launcher"
16-->src\main\AndroidManifest.xml:8:9-43
17        android:label="@string/app_name"
17-->src\main\AndroidManifest.xml:9:9-41
18        android:roundIcon="@mipmap/ic_launcher_round"
18-->src\main\AndroidManifest.xml:10:9-54
19        android:supportsRtl="true"
19-->src\main\AndroidManifest.xml:11:9-35
20        android:testOnly="true"
21        android:theme="@style/Theme.TodoApplication" >
21-->src\main\AndroidManifest.xml:12:9-53
22        <activity
22-->src\main\AndroidManifest.xml:13:9-26:20
23            android:name="com.akapps.todoapp.SplashScreenActivity"
23-->src\main\AndroidManifest.xml:14:13-49
24            android:exported="true"
24-->src\main\AndroidManifest.xml:15:13-36
25            android:theme="@style/Theme.AppCompat.Light.NoActionBar" >
25-->src\main\AndroidManifest.xml:16:13-69
26            <intent-filter>
26-->src\main\AndroidManifest.xml:18:13-21:29
27                <action android:name="android.intent.action.MAIN" />
27-->src\main\AndroidManifest.xml:19:17-69
27-->src\main\AndroidManifest.xml:19:25-66
28
29                <category android:name="android.intent.category.LAUNCHER" />
29-->src\main\AndroidManifest.xml:20:17-77
29-->src\main\AndroidManifest.xml:20:27-74
30            </intent-filter>
31
32            <meta-data
32-->src\main\AndroidManifest.xml:23:13-25:36
33                android:name="android.app.lib_name"
33-->src\main\AndroidManifest.xml:24:17-52
34                android:value="" />
34-->src\main\AndroidManifest.xml:25:17-33
35        </activity>
36        <activity
36-->src\main\AndroidManifest.xml:27:9-29:40
37            android:name="com.akapps.todoapp.MainActivity"
37-->src\main\AndroidManifest.xml:28:13-41
38            android:exported="false" />
38-->src\main\AndroidManifest.xml:29:13-37
39
40        <service
40-->[androidx.room:room-runtime:2.4.3] AndroidManifest.xml:25:9-28:40
41            android:name="androidx.room.MultiInstanceInvalidationService"
41-->[androidx.room:room-runtime:2.4.3] AndroidManifest.xml:26:13-74
42            android:directBootAware="true"
42-->[androidx.room:room-runtime:2.4.3] AndroidManifest.xml:27:13-43
43            android:exported="false" />
43-->[androidx.room:room-runtime:2.4.3] AndroidManifest.xml:28:13-37
44    </application>
45
46</manifest>